[1731064969.136][INFO]: Starting ChromeDriver 126.0.6478.182 (5b5d8292ddf182f8b2096fa665b473b6317906d5-refs/branch-heads/6478@{#1776}) on port 15885
[1731064969.136][INFO]: Please see https://chromedriver.chromium.org/security-considerations for suggestions on keeping ChromeDriver safe.
[1731064969.157][INFO]: [b9966e0f90e507f75a3ab6e2f2ee425c] COMMAND InitSession {
   "capabilities": {
      "firstMatch": [ {
         "browserName": "chrome",
         "goog:chromeOptions": {
            "args": [ "--disable-popup-blocking" ],
            "extensions": [  ]
         }
      } ]
   }
}
[1731064969.157][INFO]: Browser search. Trying... /home/ic-002/.cache/selenium/chromedriver/linux64/126.0.6478.182/chrome
[1731064969.157][INFO]: Browser search. Trying... /home/ic-002/.cache/selenium/chromedriver/linux64/126.0.6478.182/chrome
[1731064969.157][INFO]: Browser search. Trying... /home/ic-002/.cache/selenium/chromedriver/linux64/126.0.6478.182/google-chrome
[1731064969.157][INFO]: Browser search. Trying... /home/ic-002/.cache/selenium/chromedriver/linux64/126.0.6478.182/chromium
[1731064969.157][INFO]: Browser search. Trying... /home/ic-002/.cache/selenium/chromedriver/linux64/126.0.6478.182/chromium-browser
[1731064969.157][INFO]: Browser search. Trying... /usr/local/sbin/chrome
[1731064969.157][INFO]: Browser search. Trying... /usr/local/bin/chrome
[1731064969.157][INFO]: Browser search. Trying... /usr/sbin/chrome
[1731064969.157][INFO]: Browser search. Trying... /usr/bin/chrome
[1731064969.157][INFO]: Browser search. Trying... /sbin/chrome
[1731064969.157][INFO]: Browser search. Trying... /bin/chrome
[1731064969.157][INFO]: Browser search. Trying... /opt/google/chrome/chrome
[1731064969.157][INFO]: Browser search. Found at  /opt/google/chrome/chrome
[1731064969.157][INFO]: Populating Preferences file: {
   "alternate_error_pages": {
      "enabled": false
   },
   "autofill": {
      "enabled": false
   },
   "browser": {
      "check_default_browser": false
   },
   "distribution": {
      "import_bookmarks": false,
      "import_history": false,
      "import_search_engine": false,
      "make_chrome_default_for_user": false,
      "skip_first_run_ui": true
   },
   "dns_prefetching": {
      "enabled": false
   },
   "profile": {
      "content_settings": {
         "pattern_pairs": {
            "https://*,*": {
               "media-stream": {
                  "audio": "Default",
                  "video": "Default"
               }
            }
         }
      },
      "default_content_setting_values": {
         "geolocation": 1
      },
      "default_content_settings": {
         "geolocation": 1,
         "mouselock": 1,
         "notifications": 1,
         "popups": 1,
         "ppapi-broker": 1
      },
      "password_manager_enabled": false
   },
   "safebrowsing": {
      "enabled": false
   },
   "search": {
      "suggest_enabled": false
   },
   "translate": {
      "enabled": false
   }
}
[1731064969.157][INFO]: Populating Local State file: {
   "background_mode": {
      "enabled": false
   },
   "ssl": {
      "rev_checking": {
         "enabled": false
      }
   }
}
[1731064969.157][INFO]: ChromeDriver supports communication with Chrome via pipes. This is more reliable and more secure.
[1731064969.157][INFO]: Use the --remote-debugging-pipe Chrome switch instead of the default --remote-debugging-port to enable this communication mode.
[1731064969.157][INFO]: Launching chrome: /opt/google/chrome/chrome --allow-pre-commit-input --disable-background-networking --disable-client-side-phishing-detection --disable-default-apps --disable-hang-monitor --disable-popup-blocking --disable-prompt-on-repost --disable-sync --enable-automation --enable-logging --log-level=0 --no-first-run --no-service-autorun --password-store=basic --remote-debugging-port=0 --test-type=webdriver --use-mock-keychain --user-data-dir=/tmp/.org.chromium.Chromium.MDPB5Y data:,
[1108/165249.177914:WARNING:chrome_main_linux.cc(80)] Read channel stable from /opt/google/chrome/CHROME_VERSION_EXTRA

DevTools listening on ws://127.0.0.1:37887/devtools/browser/c3612664-6fc0-4e00-b76f-b69441bb1fb2
MESA-INTEL: warning: Performance support disabled, consider sysctl dev.i915.perf_stream_paranoid=0

[1731064969.379][DEBUG]: DevTools HTTP Request: http://localhost:37887/json/version
[1731064969.474][DEBUG]: DevTools HTTP Response: {
   "Browser": "Chrome/126.0.6478.126",
   "Protocol-Version": "1.3",
   "User-Agent": "Mozilla/5.0 (X11; Linux x86_64) AppleWebKit/537.36 (KHTML, like Gecko) Chrome/126.0.0.0 Safari/537.36",
   "V8-Version": "12.6.228.21",
   "WebKit-Version": "537.36 (@d36ace6122e0a59570e258d82441395206d60e1c)",
   "webSocketDebuggerUrl": "ws://localhost:37887/devtools/browser/c3612664-6fc0-4e00-b76f-b69441bb1fb2"
}

[1731064969.474][DEBUG]: DevTools HTTP Request: http://localhost:37887/json/list
[1731064969.484][DEBUG]: DevTools HTTP Response: [ {
   "description": "",
   "devtoolsFrontendUrl": "/devtools/inspector.html?ws=localhost:37887/devtools/page/476FB14FAF002447455431F71E0BE905",
   "id": "476FB14FAF002447455431F71E0BE905",
   "title": "",
   "type": "page",
   "url": "data:,",
   "webSocketDebuggerUrl": "ws://localhost:37887/devtools/page/476FB14FAF002447455431F71E0BE905"
} ]

[1731064969.485][INFO]: resolved localhost to ["::1","127.0.0.1"]
[28722:28722:1108/165249.489871:ERROR:object_proxy.cc(576)] Failed to call method: org.freedesktop.ScreenSaver.GetActive: object_path= /org/freedesktop/ScreenSaver: org.freedesktop.DBus.Error.NotSupported: This method is not implemented
[1731064969.490][DEBUG]: DevTools WebSocket Command: Target.getTargets (id=1) (session_id=) browser {
}
[1731064969.496][DEBUG]: DevTools WebSocket Response: Target.getTargets (id=1) (session_id=) browser {
   "targetInfos": [ {
      "attached": false,
      "browserContextId": "4F5043C92144B931F4B9D666FF3AB31E",
      "canAccessOpener": false,
      "targetId": "476FB14FAF002447455431F71E0BE905",
      "title": "",
      "type": "page",
      "url": "data:,"
   } ]
}
[1731064969.496][DEBUG]: DevTools WebSocket Command: Target.attachToTarget (id=2) (session_id=) browser {
   "flatten": true,
   "targetId": "476FB14FAF002447455431F71E0BE905"
}
[1731064969.505][DEBUG]: DevTools WebSocket Event: Target.attachedToTarget (session_id=) browser {
   "sessionId": "761FAF155295A45F8A94FD95CCA76948",
   "targetInfo": {
      "attached": true,
      "browserContextId": "4F5043C92144B931F4B9D666FF3AB31E",
      "canAccessOpener": false,
      "targetId": "476FB14FAF002447455431F71E0BE905",
      "title": "",
      "type": "page",
      "url": "data:,"
   },
   "waitingForDebugger": false
}
[1731064969.505][DEBUG]: DevTools WebSocket Response: Target.attachToTarget (id=2) (session_id=) browser {
   "sessionId": "761FAF155295A45F8A94FD95CCA76948"
}
[1731064969.505][DEBUG]: DevTools WebSocket Command: Page.enable (id=3) (session_id=761FAF155295A45F8A94FD95CCA76948) 476FB14FAF002447455431F71E0BE905 {
}
[1731064969.505][DEBUG]: DevTools WebSocket Command: Page.addScriptToEvaluateOnNewDocument (id=4) (session_id=761FAF155295A45F8A94FD95CCA76948) 476FB14FAF002447455431F71E0BE905 {
   "source": "(function () {window.cdc_adoQpoasnfa76pfcZLmcfl_Array = window.Array;window.cdc_adoQpoasnfa76pfcZLmcfl_Object = window.Object;window.cdc_adoQpoasnfa76pfcZLmcfl_Promise = window.Promise;window.cdc_a..."
}
[1731064969.505][DEBUG]: DevTools WebSocket Command: Runtime.evaluate (id=5) (session_id=761FAF155295A45F8A94FD95CCA76948) 476FB14FAF002447455431F71E0BE905 {
   "expression": "(function () {window.cdc_adoQpoasnfa76pfcZLmcfl_Array = window.Array;window.cdc_adoQpoasnfa76pfcZLmcfl_Object = window.Object;window.cdc_adoQpoasnfa76pfcZLmcfl_Promise = window.Promise;window.cdc_a..."
}
[1731064969.505][DEBUG]: DevTools WebSocket Command: Log.enable (id=6) (session_id=761FAF155295A45F8A94FD95CCA76948) 476FB14FAF002447455431F71E0BE905 {
}
[1731064969.505][DEBUG]: DevTools WebSocket Command: Target.setAutoAttach (id=7) (session_id=761FAF155295A45F8A94FD95CCA76948) 476FB14FAF002447455431F71E0BE905 {
   "autoAttach": true,
   "flatten": true,
   "waitForDebuggerOnStart": false
}
[1731064969.524][DEBUG]: DevTools WebSocket Response: Page.enable (id=3) (session_id=761FAF155295A45F8A94FD95CCA76948) 476FB14FAF002447455431F71E0BE905 {
}
[1731064969.524][DEBUG]: DevTools WebSocket Response: Page.addScriptToEvaluateOnNewDocument (id=4) (session_id=761FAF155295A45F8A94FD95CCA76948) 476FB14FAF002447455431F71E0BE905 {
   "identifier": "1"
}
[1731064969.525][DEBUG]: DevTools WebSocket Response: Runtime.evaluate (id=5) (session_id=761FAF155295A45F8A94FD95CCA76948) 476FB14FAF002447455431F71E0BE905 {
   "result": {
      "type": "undefined"
   }
}
[1731064969.525][DEBUG]: DevTools WebSocket Response: Log.enable (id=6) (session_id=761FAF155295A45F8A94FD95CCA76948) 476FB14FAF002447455431F71E0BE905 {
}
[1731064969.525][DEBUG]: DevTools WebSocket Response: Target.setAutoAttach (id=7) (session_id=761FAF155295A45F8A94FD95CCA76948) 476FB14FAF002447455431F71E0BE905 {
}
[1731064969.525][DEBUG]: DevTools WebSocket Command: Runtime.enable (id=8) (session_id=761FAF155295A45F8A94FD95CCA76948) 476FB14FAF002447455431F71E0BE905 {
}
[1731064969.527][DEBUG]: DevTools WebSocket Event: Page.domContentEventFired (session_id=761FAF155295A45F8A94FD95CCA76948) 476FB14FAF002447455431F71E0BE905 {
   "timestamp": 26183.346488
}
[1731064969.527][DEBUG]: DevTools WebSocket Event: Page.loadEventFired (session_id=761FAF155295A45F8A94FD95CCA76948) 476FB14FAF002447455431F71E0BE905 {
   "timestamp": 26183.346956
}
[1731064969.536][DEBUG]: DevTools WebSocket Event: Page.frameStoppedLoading (session_id=761FAF155295A45F8A94FD95CCA76948) 476FB14FAF002447455431F71E0BE905 {
   "frameId": "476FB14FAF002447455431F71E0BE905"
}
[1731064969.536][DEBUG]: DevTools WebSocket Event: Runtime.executionContextCreated (session_id=761FAF155295A45F8A94FD95CCA76948) 476FB14FAF002447455431F71E0BE905 {
   "context": {
      "auxData": {
         "frameId": "476FB14FAF002447455431F71E0BE905",
         "isDefault": true,
         "type": "default"
      },
      "id": 1,
      "name": "",
      "origin": "://",
      "uniqueId": "-5450484748940979096.8298992429240698723"
   }
}
[1731064969.536][DEBUG]: DevTools WebSocket Response: Runtime.enable (id=8) (session_id=761FAF155295A45F8A94FD95CCA76948) 476FB14FAF002447455431F71E0BE905 {
}
[1731064969.536][DEBUG]: DevTools WebSocket Command: Runtime.enable (id=9) (session_id=761FAF155295A45F8A94FD95CCA76948) 476FB14FAF002447455431F71E0BE905 {
}
[1731064969.536][DEBUG]: DevTools WebSocket Response: Runtime.enable (id=9) (session_id=761FAF155295A45F8A94FD95CCA76948) 476FB14FAF002447455431F71E0BE905 {
}
[1731064969.537][INFO]: [b9966e0f90e507f75a3ab6e2f2ee425c] RESPONSE InitSession {
   "capabilities": {
      "acceptInsecureCerts": false,
      "browserName": "chrome",
      "browserVersion": "126.0.6478.126",
      "chrome": {
         "chromedriverVersion": "126.0.6478.182 (5b5d8292ddf182f8b2096fa665b473b6317906d5-refs/branch-heads/6478@{#1776})",
         "userDataDir": "/tmp/.org.chromium.Chromium.MDPB5Y"
      },
      "fedcm:accounts": true,
      "goog:chromeOptions": {
         "debuggerAddress": "localhost:37887"
      },
      "networkConnectionEnabled": false,
      "pageLoadStrategy": "normal",
      "platformName": "linux",
      "proxy": {
      },
      "setWindowRect": true,
      "strictFileInteractability": false,
      "timeouts": {
         "implicit": 0,
         "pageLoad": 300000,
         "script": 30000
      },
      "unhandledPromptBehavior": "dismiss and notify",
      "webauthn:extension:credBlob": true,
      "webauthn:extension:largeBlob": true,
      "webauthn:extension:minPinLength": true,
      "webauthn:extension:prf": true,
      "webauthn:virtualAuthenticators": true
   },
   "sessionId": "b9966e0f90e507f75a3ab6e2f2ee425c"
}
[1731064969.563][INFO]: [b9966e0f90e507f75a3ab6e2f2ee425c] COMMAND CloseWindow {
}
[1731064969.563][DEBUG]: DevTools WebSocket Command: Target.getTargets (id=10) (session_id=) browser {
}
[1731064969.564][DEBUG]: DevTools WebSocket Response: Target.getTargets (id=10) (session_id=) browser {
   "targetInfos": [ {
      "attached": true,
      "browserContextId": "4F5043C92144B931F4B9D666FF3AB31E",
      "canAccessOpener": false,
      "targetId": "476FB14FAF002447455431F71E0BE905",
      "title": "data:,",
      "type": "page",
      "url": "data:,"
   } ]
}
[1731064969.564][DEBUG]: DevTools WebSocket Command: Target.closeTarget (id=11) (session_id=) browser {
   "targetId": "476FB14FAF002447455431F71E0BE905"
}
[1731064969.566][DEBUG]: DevTools WebSocket Response: Target.closeTarget (id=11) (session_id=) browser {
   "success": true
}
[1731064969.566][DEBUG]: DevTools WebSocket Command: Target.getTargets (id=12) (session_id=) browser {
}
[1731064969.571][DEBUG]: DevTools WebSocket Event: Inspector.detached (session_id=761FAF155295A45F8A94FD95CCA76948) 476FB14FAF002447455431F71E0BE905 {
   "reason": "Render process gone."
}
[1731064969.584][DEBUG]: DevTools WebSocket Event: Target.detachedFromTarget (session_id=) browser {
   "sessionId": "761FAF155295A45F8A94FD95CCA76948",
   "targetId": "476FB14FAF002447455431F71E0BE905"
}
[1731064969.584][DEBUG]: DevTools WebSocket Response: Target.getTargets (id=12) (session_id=) browser {
   "targetInfos": [  ]
}
[1731064969.685][INFO]: [b9966e0f90e507f75a3ab6e2f2ee425c] RESPONSE CloseWindow [  ]
[1731064969.685][DEBUG]: Log type 'driver' lost 0 entries on destruction
[1731064969.685][DEBUG]: Log type 'browser' lost 0 entries on destruction
